[INFO] Scanning for projects...
[INFO] 
[INFO] -------------------< rahulacadamy:CucumberFramework >-------------------
[INFO] Building CucumberFramework 0.0.1-SNAPSHOT
[INFO] --------------------------------[ jar ]---------------------------------
[INFO] 
[INFO] --- maven-clean-plugin:2.5:clean (default-clean) @ CucumberFramework ---
[INFO] Deleting C:\D Driver\My Selenium Project\Projects\CCumberBDD\CucumberFramework\target
[INFO] 
[INFO] --- maven-resources-plugin:2.6:resources (default-resources) @ CucumberFramework ---
[WARNING] Using platform encoding (Cp1252 actually) to copy filtered resources, i.e. build is platform dependent!
[INFO] Copying 0 resource
[INFO] 
[INFO] --- maven-compiler-plugin:3.1:compile (default-compile) @ CucumberFramework ---
[INFO] Nothing to compile - all classes are up to date
[INFO] 
[INFO] --- maven-resources-plugin:2.6:testResources (default-testResources) @ CucumberFramework ---
[WARNING] Using platform encoding (Cp1252 actually) to copy filtered resources, i.e. build is platform dependent!
[INFO] Copying 0 resource
[INFO] 
[INFO] --- maven-compiler-plugin:3.1:testCompile (default-testCompile) @ CucumberFramework ---
[INFO] Changes detected - recompiling the module!
[WARNING] File encoding has not been set, using platform encoding Cp1252, i.e. build is platform dependent!
[INFO] Compiling 12 source files to C:\D Driver\My Selenium Project\Projects\CCumberBDD\CucumberFramework\target\test-classes
[INFO] -------------------------------------------------------------
[ERROR] COMPILATION ERROR : 
[INFO] -------------------------------------------------------------
[ERROR] /C:/D Driver/My Selenium Project/Projects/CCumberBDD/CucumberFramework/src/test/java/cucumberOptions/TestNGTestRunner.java:[3,30] cannot access org.testng.annotations.DataProvider
  bad class file: C:\Users\AhmedMetwally\.m2\repository\org\testng\testng\7.6.1\testng-7.6.1.jar(org/testng/annotations/DataProvider.class)
    class file has wrong version 55.0, should be 52.0
    Please remove or make sure it appears in the correct subdirectory of the classpath.
[INFO] 1 error
[INFO] -------------------------------------------------------------
[INFO] ------------------------------------------------------------------------
[INFO] BUILD FAILURE
[INFO] ------------------------------------------------------------------------
[INFO] Total time:  5.587 s
[INFO] Finished at: 2022-12-31T21:30:33+01:00
[INFO] ------------------------------------------------------------------------
[ERROR] Failed to execute goal org.apache.maven.plugins:maven-compiler-plugin:3.1:testCompile (default-testCompile) on project CucumberFramework: Compilation failure
[ERROR] /C:/D Driver/My Selenium Project/Projects/CCumberBDD/CucumberFramework/src/test/java/cucumberOptions/TestNGTestRunner.java:[3,30] cannot access org.testng.annotations.DataProvider
[ERROR]   bad class file: C:\Users\AhmedMetwally\.m2\repository\org\testng\testng\7.6.1\testng-7.6.1.jar(org/testng/annotations/DataProvider.class)
[ERROR]     class file has wrong version 55.0, should be 52.0
[ERROR]     Please remove or make sure it appears in the correct subdirectory of the classpath.
[ERROR] 
[ERROR] -> [Help 1]
[ERROR] 
[ERROR] To see the full stack trace of the errors, re-run Maven with the -e switch.
[ERROR] Re-run Maven using the -X switch to enable full debug logging.
[ERROR] 
[ERROR] For more information about the errors and possible solutions, please read the following articles:
[ERROR] [Help 1] http://cwiki.apache.org/confluence/display/MAVEN/MojoFailureException
